<?xml version="1.0" encoding="UTF-8"?>
<testsuite name="work.myapp.book.springboot.web.IndexControllerTest" tests="1" skipped="0" failures="0" errors="0" timestamp="2020-06-07T11:52:35" hostname="Yuri-MBP15.local" time="0.077">
  <properties/>
  <testcase name="mainpage_loading" classname="work.myapp.book.springboot.web.IndexControllerTest" time="0.077"/>
  <system-out><![CDATA[2020-06-07 20:52:35.756  INFO 6004 --- [    Test worker] .b.t.c.SpringBootTestContextBootstrapper : Neither @ContextConfiguration nor @ContextHierarchy found for test class [work.myapp.book.springboot.web.IndexControllerTest], using SpringBootContextLoader
2020-06-07 20:52:35.757  INFO 6004 --- [    Test worker] o.s.t.c.support.AbstractContextLoader    : Could not detect default resource locations for test class [work.myapp.book.springboot.web.IndexControllerTest]: no resource found for suffixes {-context.xml, Context.groovy}.
2020-06-07 20:52:35.757  INFO 6004 --- [    Test worker] t.c.s.AnnotationConfigContextLoaderUtils : Could not detect default configuration classes for test class [work.myapp.book.springboot.web.IndexControllerTest]: IndexControllerTest does not declare any static, non-private, non-final, nested classes annotated with @Configuration.
2020-06-07 20:52:35.759  INFO 6004 --- [    Test worker] .b.t.c.SpringBootTestContextBootstrapper : Found @SpringBootConfiguration work.myapp.book.springboot.Application for test class work.myapp.book.springboot.web.IndexControllerTest
2020-06-07 20:52:35.760  INFO 6004 --- [    Test worker] .b.t.c.SpringBootTestContextBootstrapper : Loaded default TestExecutionListener class names from location [META-INF/spring.factories]: [org.springframework.boot.test.autoconfigure.restdocs.RestDocsTestExecutionListener, org.springframework.boot.test.autoconfigure.web.client.MockRestServiceServerResetTestExecutionListener, org.springframework.boot.test.autoconfigure.web.servlet.MockMvcPrintOnlyOnFailureTestExecutionListener, org.springframework.boot.test.autoconfigure.web.servlet.WebDriverTestExecutionListener, org.springframework.boot.test.mock.mockito.MockitoTestExecutionListener, org.springframework.boot.test.mock.mockito.ResetMocksTestExecutionListener, org.springframework.test.context.web.ServletTestExecutionListener, org.springframework.test.context.support.DirtiesContextBeforeModesTestExecutionListener, org.springframework.test.context.support.DependencyInjectionTestExecutionListener, org.springframework.test.context.support.DirtiesContextTestExecutionListener, org.springframework.test.context.transaction.TransactionalTestExecutionListener, org.springframework.test.context.jdbc.SqlScriptsTestExecutionListener]
2020-06-07 20:52:35.761  INFO 6004 --- [    Test worker] .b.t.c.SpringBootTestContextBootstrapper : Using TestExecutionListeners: [org.springframework.test.context.web.ServletTestExecutionListener@4a2dfcc0, org.springframework.test.context.support.DirtiesContextBeforeModesTestExecutionListener@31327733, org.springframework.boot.test.mock.mockito.MockitoTestExecutionListener@6faf4812, org.springframework.boot.test.autoconfigure.SpringBootDependencyInjectionTestExecutionListener@4cbc3d63, org.springframework.test.context.support.DirtiesContextTestExecutionListener@695203c8, org.springframework.test.context.transaction.TransactionalTestExecutionListener@4bfb6a3e, org.springframework.test.context.jdbc.SqlScriptsTestExecutionListener@5e81548b, org.springframework.boot.test.autoconfigure.restdocs.RestDocsTestExecutionListener@737b3d1d, org.springframework.boot.test.autoconfigure.web.client.MockRestServiceServerResetTestExecutionListener@ace3cf9, org.springframework.boot.test.autoconfigure.web.servlet.MockMvcPrintOnlyOnFailureTestExecutionListener@1af41d04, org.springframework.boot.test.autoconfigure.web.servlet.WebDriverTestExecutionListener@4e0537dd, org.springframework.boot.test.mock.mockito.ResetMocksTestExecutionListener@643c68d5]
Hibernate: select posts0_.id as id1_0_, posts0_.created_date as created_2_0_, posts0_.modified_date as modified3_0_, posts0_.author as author4_0_, posts0_.content as content5_0_, posts0_.title as title6_0_ from posts posts0_ order by posts0_.id DESC
]]></system-out>
  <system-err><![CDATA[]]></system-err>
</testsuite>
